<?xml version="1.0" encoding="UTF-8"?>
<!-- Generated by org.testng.reporters.JUnitReportReporter -->
<testsuite hostname="DESKTOP-6TIT92L" name="com.erpassignment.testcase.CasePageTestCse" tests="1" failures="0" timestamp="20 Apr 2020 22:44:49 GMT" time="97.230" errors="0">
  <testcase name="addCases" time="97.230" classname="com.erpassignment.testcase.CasePageTestCse"/>
</testsuite> <!-- com.erpassignment.testcase.CasePageTestCse -->
