<?xml version="1.0" encoding="UTF-8"?>
<!-- Generated by org.testng.reporters.JUnitReportReporter -->
<testsuite hostname="DESKTOP-6TIT92L" name="com.epr.testcase.CAllTestCases" tests="1" failures="0" timestamp="20 Apr 2020 19:52:13 GMT" time="73.173" errors="0">
  <testcase name="callPageWork" time="73.173" classname="com.epr.testcase.CAllTestCases"/>
</testsuite> <!-- com.epr.testcase.CAllTestCases -->
