<?xml version="1.0" encoding="UTF-8"?>
<!-- Generated by org.testng.reporters.JUnitReportReporter -->
<testsuite hostname="DESKTOP-6TIT92L" name="com.erpassignment.testcase.DealsTestCases" tests="1" failures="0" timestamp="20 Apr 2020 22:44:49 GMT" time="50.548" errors="0">
  <testcase name="DealPageWork" time="50.548" classname="com.erpassignment.testcase.DealsTestCases"/>
</testsuite> <!-- com.erpassignment.testcase.DealsTestCases -->
