<?xml version="1.0" encoding="UTF-8"?>
<!-- Generated by org.testng.reporters.JUnitReportReporter -->
<testsuite hostname="DESKTOP-6TIT92L" name="com.erpassignment.testcase.CompanyTestCases" tests="1" failures="0" timestamp="20 Apr 2020 22:44:49 GMT" time="95.151" errors="0">
  <testcase name="contactwork" time="95.151" classname="com.erpassignment.testcase.CompanyTestCases"/>
</testsuite> <!-- com.erpassignment.testcase.CompanyTestCases -->
