<?xml version="1.0" encoding="UTF-8"?>
<!-- Generated by org.testng.reporters.JUnitReportReporter -->
<testsuite hostname="DESKTOP-6TIT92L" name="com.erpassignment.testcase.ContactTestCases" tests="1" failures="0" timestamp="20 Apr 2020 22:44:49 GMT" time="64.038" errors="0">
  <testcase name="contactwork" time="64.038" classname="com.erpassignment.testcase.ContactTestCases"/>
</testsuite> <!-- com.erpassignment.testcase.ContactTestCases -->
