<?xml version="1.0" encoding="UTF-8"?>
<!-- Generated by org.testng.reporters.JUnitReportReporter -->
<testsuite hostname="DESKTOP-6TIT92L" name="com.epr.testcase.CasePageTestCse" tests="1" failures="0" timestamp="20 Apr 2020 19:52:13 GMT" time="80.038" errors="0">
  <testcase name="addCases" time="80.038" classname="com.epr.testcase.CasePageTestCse"/>
</testsuite> <!-- com.epr.testcase.CasePageTestCse -->
