<?xml version="1.0" encoding="UTF-8"?>
<!-- Generated by org.testng.reporters.JUnitReportReporter -->
<testsuite hostname="DESKTOP-6TIT92L" name="com.epr.testcase.CompanyTestCases" tests="1" failures="0" timestamp="20 Apr 2020 19:52:13 GMT" time="87.429" errors="0">
  <testcase name="contactwork" time="87.429" classname="com.epr.testcase.CompanyTestCases"/>
</testsuite> <!-- com.epr.testcase.CompanyTestCases -->
