<?xml version="1.0" encoding="UTF-8"?>
<!-- Generated by org.testng.reporters.JUnitReportReporter -->
<testsuite hostname="DESKTOP-6TIT92L" name="com.epr.testcase.DealsTestCases" tests="1" failures="0" timestamp="20 Apr 2020 19:52:13 GMT" time="45.816" errors="0">
  <testcase name="DealPageWork" time="45.816" classname="com.epr.testcase.DealsTestCases"/>
</testsuite> <!-- com.epr.testcase.DealsTestCases -->
