<?xml version="1.0" encoding="UTF-8"?>
<!-- Generated by org.testng.reporters.JUnitReportReporter -->
<testsuite hostname="DESKTOP-6TIT92L" name="com.erpassignment.testcase.TaskTestCases" tests="1" failures="0" timestamp="20 Apr 2020 22:44:49 GMT" time="55.530" errors="0">
  <testcase name="DealPageWork" time="55.530" classname="com.erpassignment.testcase.TaskTestCases"/>
</testsuite> <!-- com.erpassignment.testcase.TaskTestCases -->
