<?xml version="1.0" encoding="UTF-8"?>
<!-- Generated by org.testng.reporters.JUnitReportReporter -->
<testsuite hostname="DESKTOP-6TIT92L" name="com.erpassignment.testcase.CAllTestCases" tests="1" failures="0" timestamp="20 Apr 2020 22:44:49 GMT" time="86.172" errors="0">
  <testcase name="callPageWork" time="86.172" classname="com.erpassignment.testcase.CAllTestCases"/>
</testsuite> <!-- com.erpassignment.testcase.CAllTestCases -->
