<?xml version="1.0" encoding="UTF-8"?>
<!-- Generated by org.testng.reporters.JUnitReportReporter -->
<testsuite hostname="DESKTOP-6TIT92L" name="com.epr.testcase.TestCase" tests="1" failures="0" timestamp="19 Apr 2020 06:53:30 GMT" time="36.640" errors="0">
  <testcase name="search" time="36.640" classname="com.epr.testcase.TestCase"/>
</testsuite> <!-- com.epr.testcase.TestCase -->
